build/outputs/logs/manifest-merger-debug-report.txt
-- Merging decision tree log ---
manifest
ADDED from AndroidStudioProjects\canvasTest\AndroidManifest.xml:2:1-32:12
	package
		ADDED from AndroidStudioProjects\canvasTest\AndroidManifest.xml:3:5-37
	android:versionName
		ADDED from AndroidStudioProjects\canvasTest\AndroidManifest.xml:5:5-30
	android:versionCode
		ADDED from AndroidStudioProjects\canvasTest\AndroidManifest.xml:4:5-28
		INJECTED from AndroidStudioProjects\canvasTest\AndroidManifest.xml
		INJECTED from AndroidStudioProjects\canvasTest\AndroidManifest.xml
	xmlns:android
		ADDED from AndroidStudioProjects\canvasTest\AndroidManifest.xml:2:11-69
uses-sdk
ADDED from AndroidStudioProjects\canvasTest\AndroidManifest.xml:7:5-9:41
	android:targetSdkVersion
		ADDED from AndroidStudioProjects\canvasTest\AndroidManifest.xml:9:9-38
	android:minSdkVersion
		ADDED from AndroidStudioProjects\canvasTest\AndroidManifest.xml:8:9-34
uses-permission#android.permission.SYSTEM_ALERT_WINDOW
ADDED from AndroidStudioProjects\canvasTest\AndroidManifest.xml:11:5-77
	android:name
		ADDED from AndroidStudioProjects\canvasTest\AndroidManifest.xml:11:22-75
uses-permission#android.permission.WRITE_EXTERNAL_STORAGE
ADDED from AndroidStudioProjects\canvasTest\AndroidManifest.xml:12:5-80
	android:name
		ADDED from AndroidStudioProjects\canvasTest\AndroidManifest.xml:12:22-78
uses-permission#android.permission.MOUNT_UNMOUNT_FILESYSTEMS
ADDED from AndroidStudioProjects\canvasTest\AndroidManifest.xml:13:5-83
	android:name
		ADDED from AndroidStudioProjects\canvasTest\AndroidManifest.xml:13:22-81
application
ADDED from AndroidStudioProjects\canvasTest\AndroidManifest.xml:15:5-30:19
	android:label
		ADDED from AndroidStudioProjects\canvasTest\AndroidManifest.xml:18:9-41
	android:allowBackup
		ADDED from AndroidStudioProjects\canvasTest\AndroidManifest.xml:16:9-35
	android:icon
		ADDED from AndroidStudioProjects\canvasTest\AndroidManifest.xml:17:9-45
	android:theme
		ADDED from AndroidStudioProjects\canvasTest\AndroidManifest.xml:19:9-79
activity#com.example.canvastest.MainActivity
ADDED from AndroidStudioProjects\canvasTest\AndroidManifest.xml:20:9-28:20
	android:label
		ADDED from AndroidStudioProjects\canvasTest\AndroidManifest.xml:22:13-45
	android:name
		ADDED from AndroidStudioProjects\canvasTest\AndroidManifest.xml:21:13-41
intent-filter#android.intent.action.MAIN+android.intent.category.LAUNCHER
ADDED from AndroidStudioProjects\canvasTest\AndroidManifest.xml:23:13-27:29
action#android.intent.action.MAIN
ADDED from AndroidStudioProjects\canvasTest\AndroidManifest.xml:24:17-69
	android:name
		ADDED from AndroidStudioProjects\canvasTest\AndroidManifest.xml:24:25-66
category#android.intent.category.LAUNCHER
ADDED from AndroidStudioProjects\canvasTest\AndroidManifest.xml:26:17-77
	android:name
		ADDED from AndroidStudioProjects\canvasTest\AndroidManifest.xml:26:27-74
service#com.example.canvastest.TopWindowService
ADDED from AndroidStudioProjects\canvasTest\AndroidManifest.xml:29:9-53
	android:name
		ADDED from AndroidStudioProjects\canvasTest\AndroidManifest.xml:29:18-50